<?xml version="1.0" encoding="UTF-8"?>
<testng-results skipped="0" failed="0" ignored="0" total="2" passed="2">
  <reporter-output>
  </reporter-output>
  <suite name="Automation Test Suite for Cleartrip" duration-ms="56276" started-at="2020-12-28T16:54:35 IST" finished-at="2020-12-28T16:55:31 IST">
    <groups>
    </groups>
    <test name="Automation of cleartrip.com in Chrome" duration-ms="21791" started-at="2020-12-28T16:54:35 IST" finished-at="2020-12-28T16:54:57 IST">
      <class name="com.cleartrip.test.searchFlightTest">
        <test-method status="PASS" signature="setup(java.lang.String, java.lang.String)[pri:0, instance:com.cleartrip.test.searchFlightTest@23faf8f2]" name="setup" is-config="true" duration-ms="12457" started-at="2020-12-28T16:54:35 IST" finished-at="2020-12-28T16:54:48 IST">
          <params>
            <param index="0">
              <value>
                <![CDATA[Chrome]]>
              </value>
            </param>
            <param index="1">
              <value>
                <![CDATA[https://www.cleartrip.com/flights]]>
              </value>
            </param>
          </params>
          <reporter-output>
          </reporter-output>
        </test-method> <!-- setup -->
        <test-method status="PASS" signature="SearchTest()[pri:0, instance:com.cleartrip.test.searchFlightTest@23faf8f2]" name="SearchTest" duration-ms="8322" started-at="2020-12-28T16:54:48 IST" finished-at="2020-12-28T16:54:56 IST">
          <reporter-output>
          </reporter-output>
        </test-method> <!-- SearchTest -->
        <test-method status="PASS" signature="tearDown()[pri:0, instance:com.cleartrip.test.searchFlightTest@23faf8f2]" name="tearDown" is-config="true" duration-ms="966" started-at="2020-12-28T16:54:56 IST" finished-at="2020-12-28T16:54:57 IST">
          <reporter-output>
          </reporter-output>
        </test-method> <!-- tearDown -->
      </class> <!-- com.cleartrip.test.searchFlightTest -->
    </test> <!-- Automation of cleartrip.com in Chrome -->
    <test name="Automation of cleartrip.com in Firefox" duration-ms="34434" started-at="2020-12-28T16:54:57 IST" finished-at="2020-12-28T16:55:31 IST">
      <class name="com.cleartrip.test.searchFlightTest">
        <test-method status="PASS" signature="setup(java.lang.String, java.lang.String)[pri:0, instance:com.cleartrip.test.searchFlightTest@1877ab81]" name="setup" is-config="true" duration-ms="20238" started-at="2020-12-28T16:54:57 IST" finished-at="2020-12-28T16:55:17 IST">
          <params>
            <param index="0">
              <value>
                <![CDATA[Firefox]]>
              </value>
            </param>
            <param index="1">
              <value>
                <![CDATA[https://www.cleartrip.com/flights]]>
              </value>
            </param>
          </params>
          <reporter-output>
          </reporter-output>
        </test-method> <!-- setup -->
        <test-method status="PASS" signature="SearchTest()[pri:0, instance:com.cleartrip.test.searchFlightTest@1877ab81]" name="SearchTest" duration-ms="11012" started-at="2020-12-28T16:55:17 IST" finished-at="2020-12-28T16:55:28 IST">
          <reporter-output>
          </reporter-output>
        </test-method> <!-- SearchTest -->
        <test-method status="PASS" signature="tearDown()[pri:0, instance:com.cleartrip.test.searchFlightTest@1877ab81]" name="tearDown" is-config="true" duration-ms="3181" started-at="2020-12-28T16:55:28 IST" finished-at="2020-12-28T16:55:31 IST">
          <reporter-output>
          </reporter-output>
        </test-method> <!-- tearDown -->
      </class> <!-- com.cleartrip.test.searchFlightTest -->
    </test> <!-- Automation of cleartrip.com in Firefox -->
  </suite> <!-- Automation Test Suite for Cleartrip -->
</testng-results>
