<?xml version="1.0" encoding="UTF-8"?>
<!-- Generated by org.testng.reporters.JUnitXMLReporter -->
<testsuite hostname="DESKTOP-8D7L466" ignored="0" name="Regression Test for TripAdvisor" tests="19" failures="0" timestamp="2020-08-14T18:18:55 IST" time="100.14" errors="0">
  <testcase name="tripLogoSmoke" time="0.19" classname="com.tripadvisor.test.tripAdvisorSmokeTest"/>
  <testcase name="hotelBtnSmoke" time="0.147" classname="com.tripadvisor.test.tripAdvisorSmokeTest"/>
  <testcase name="searchFieldSmoke" time="2.586" classname="com.tripadvisor.test.tripAdvisorSmokeTest"/>
  <testcase name="searchBtnSmoke" time="0.631" classname="com.tripadvisor.test.tripAdvisorSmokeTest"/>
  <testcase name="mumbaiHotelSmoke" time="10.035" classname="com.tripadvisor.test.tripAdvisorSmokeTest"/>
  <testcase name="mumbaiHotelHeaderSmoke" time="2.247" classname="com.tripadvisor.test.tripAdvisorSmokeTest"/>
  <testcase name="checkinBtnSmoke" time="0.271" classname="com.tripadvisor.test.tripAdvisorSmokeTest"/>
  <testcase name="checkoutBtnSmoke" time="0.214" classname="com.tripadvisor.test.tripAdvisorSmokeTest"/>
  <testcase name="guestBtnSmoke" time="0.23" classname="com.tripadvisor.test.tripAdvisorSmokeTest"/>
  <testcase name="hotelRadioBtnSmoke" time="0.174" classname="com.tripadvisor.test.tripAdvisorSmokeTest"/>
  <testcase name="homePageTest" time="0.062" classname="com.tripadvisor.test.tripAdvisorTest"/>
  <testcase name="secondPageTest" time="4.285" classname="com.tripadvisor.test.tripAdvisorTest"/>
  <testcase name="thirdPageTest" time="6.786" classname="com.tripadvisor.test.tripAdvisorTest"/>
  <testcase name="setCheckinDateTest" time="9.137" classname="com.tripadvisor.test.tripAdvisorTest"/>
  <testcase name="setCheckoutDateTest" time="8.921" classname="com.tripadvisor.test.tripAdvisorTest"/>
  <testcase name="updateTest" time="0.835" classname="com.tripadvisor.test.tripAdvisorTest"/>
  <testcase name="setLowestPriceSliderTest" time="2.823" classname="com.tripadvisor.test.tripAdvisorTest"/>
  <testcase name="setHighestPriceSliderTest" time="6.645" classname="com.tripadvisor.test.tripAdvisorTest"/>
  <testcase name="getSearchResultsTest" time="8.006" classname="com.tripadvisor.test.tripAdvisorTest"/>
</testsuite> <!-- Regression Test for TripAdvisor -->
