<?xml version="1.0" encoding="UTF-8"?>
<!-- Generated by org.testng.reporters.JUnitXMLReporter -->
<testsuite hostname="DESKTOP-4LU25GP" ignored="0" name="Automation of Emi_calculator.net in Chrome" tests="13" failures="0" timestamp="04 Aug 2020 12:35:49 GMT" time="59.712" errors="0">
  <testcase name="emicalculator_TitleTest" time="0.679" classname="com.emi_calculator_grid.test.DriverTest"/>
  <testcase name="select_homeloan" time="2.109" classname="com.emi_calculator_grid.test.DriverTest"/>
  <testcase name="select_personalloan" time="0.55" classname="com.emi_calculator_grid.test.DriverTest"/>
  <testcase name="select_Car" time="0.35" classname="com.emi_calculator_grid.test.DriverTest"/>
  <testcase name="sent_ammount" time="7.809" classname="com.emi_calculator_grid.test.DriverTest"/>
  <testcase name="sent_interest" time="0.633" classname="com.emi_calculator_grid.test.DriverTest"/>
  <testcase name="sent_tennure" time="0.847" classname="com.emi_calculator_grid.test.DriverTest"/>
  <testcase name="screenshots_of_Sendkeys" time="1.437" classname="com.emi_calculator_grid.test.DriverTest"/>
  <testcase name="scroll_to_required_data" time="0.077" classname="com.emi_calculator_grid.test.DriverTest"/>
  <testcase name="expand_interest_amounts" time="0.278" classname="com.emi_calculator_grid.test.DriverTest"/>
  <testcase name="screenshots_of_FirstMonthCredentials" time="1.569" classname="com.emi_calculator_grid.test.DriverTest"/>
  <testcase name="write_interest" time="3.322" classname="com.emi_calculator_grid.test.DriverTest"/>
  <testcase name="write_principle" time="0.272" classname="com.emi_calculator_grid.test.DriverTest"/>
</testsuite> <!-- Automation of Emi_calculator.net in Chrome -->
