<?xml version="1.0" encoding="UTF-8"?>
<!-- Generated by org.testng.reporters.JUnitXMLReporter -->
<testsuite hostname="DESKTOP-4LU25GP" ignored="0" name="Automation of Emi_calculator.net in Firefox" tests="13" failures="0" timestamp="04 Aug 2020 12:37:14 GMT" time="84.645" errors="0">
  <testcase name="emicalculator_TitleTest" time="0.139" classname="com.emi_calculator_grid.test.DriverTest"/>
  <testcase name="select_homeloan" time="2.741" classname="com.emi_calculator_grid.test.DriverTest"/>
  <testcase name="select_personalloan" time="0.618" classname="com.emi_calculator_grid.test.DriverTest"/>
  <testcase name="select_Car" time="0.563" classname="com.emi_calculator_grid.test.DriverTest"/>
  <testcase name="sent_ammount" time="1.085" classname="com.emi_calculator_grid.test.DriverTest"/>
  <testcase name="sent_interest" time="0.48" classname="com.emi_calculator_grid.test.DriverTest"/>
  <testcase name="sent_tennure" time="1.216" classname="com.emi_calculator_grid.test.DriverTest"/>
  <testcase name="screenshots_of_Sendkeys" time="1.239" classname="com.emi_calculator_grid.test.DriverTest"/>
  <testcase name="scroll_to_required_data" time="0.04" classname="com.emi_calculator_grid.test.DriverTest"/>
  <testcase name="expand_interest_amounts" time="2.085" classname="com.emi_calculator_grid.test.DriverTest"/>
  <testcase name="screenshots_of_FirstMonthCredentials" time="0.314" classname="com.emi_calculator_grid.test.DriverTest"/>
  <testcase name="write_interest" time="0.329" classname="com.emi_calculator_grid.test.DriverTest"/>
  <testcase name="write_principle" time="0.468" classname="com.emi_calculator_grid.test.DriverTest"/>
</testsuite> <!-- Automation of Emi_calculator.net in Firefox -->
