<?xml version="1.0" encoding="UTF-8"?>
<!-- Generated by org.testng.reporters.JUnitXMLReporter -->
<testsuite hostname="DESKTOP-4LU25GP" ignored="0" name="Automation of Emi_calculator.net in Chrome" tests="11" failures="0" timestamp="14 Jul 2020 10:37:29 GMT" time="39.695" errors="0">
  <testcase name="emicalculator_TitleTest" time="0.678" classname="com.emicalculator.test.DriverTest"/>
  <testcase name="select_Car" time="0.964" classname="com.emicalculator.test.DriverTest"/>
  <testcase name="sent_ammount" time="4.611" classname="com.emicalculator.test.DriverTest"/>
  <testcase name="sent_interest" time="0.416" classname="com.emicalculator.test.DriverTest"/>
  <testcase name="sent_tennure" time="0.478" classname="com.emicalculator.test.DriverTest"/>
  <testcase name="screenshots_of_Sendkeys" time="0.541" classname="com.emicalculator.test.DriverTest"/>
  <testcase name="scroll_to_required_data" time="0.046" classname="com.emicalculator.test.DriverTest"/>
  <testcase name="expand_interest_amounts" time="0.221" classname="com.emicalculator.test.DriverTest"/>
  <testcase name="screenshots_of_FirstMonthCredentials" time="0.762" classname="com.emicalculator.test.DriverTest"/>
  <testcase name="write_interest" time="1.827" classname="com.emicalculator.test.DriverTest"/>
  <testcase name="write_principle" time="0.313" classname="com.emicalculator.test.DriverTest"/>
</testsuite> <!-- Automation of Emi_calculator.net in Chrome -->
