<?xml version="1.0" encoding="UTF-8"?>
<!-- Generated by org.testng.reporters.JUnitXMLReporter -->
<testsuite hostname="DESKTOP-4LU25GP" ignored="0" name="Automation of Emi_calculator.net in Firefox" tests="11" failures="0" timestamp="14 Jul 2020 10:38:25 GMT" time="55.844" errors="0">
  <testcase name="emicalculator_TitleTest" time="0.015" classname="com.emicalculator.test.DriverTest"/>
  <testcase name="select_Car" time="0.875" classname="com.emicalculator.test.DriverTest"/>
  <testcase name="sent_ammount" time="0.687" classname="com.emicalculator.test.DriverTest"/>
  <testcase name="sent_interest" time="0.484" classname="com.emicalculator.test.DriverTest"/>
  <testcase name="sent_tennure" time="1.083" classname="com.emicalculator.test.DriverTest"/>
  <testcase name="screenshots_of_Sendkeys" time="0.375" classname="com.emicalculator.test.DriverTest"/>
  <testcase name="scroll_to_required_data" time="0.078" classname="com.emicalculator.test.DriverTest"/>
  <testcase name="expand_interest_amounts" time="0.359" classname="com.emicalculator.test.DriverTest"/>
  <testcase name="screenshots_of_FirstMonthCredentials" time="0.14" classname="com.emicalculator.test.DriverTest"/>
  <testcase name="write_interest" time="0.156" classname="com.emicalculator.test.DriverTest"/>
  <testcase name="write_principle" time="0.276" classname="com.emicalculator.test.DriverTest"/>
</testsuite> <!-- Automation of Emi_calculator.net in Firefox -->
